<?xml version="1.0" encoding="UTF-8"?>
<testsuites name="jest tests" tests="1" failures="0" errors="0" time="2.129">
  <testsuite name="undefined" errors="0" failures="0" skipped="0" timestamp="2021-11-23T23:14:51" time="1.353" tests="1">
    <testcase classname=" parse xml" name=" parse xml" time="0.172">
    </testcase>
  </testsuite>
</testsuites>