<?xml version="1.0" encoding="UTF-8"?>
<testsuites name="jest tests" tests="1" failures="0" errors="0" time="3.103">
  <testsuite name="undefined" errors="0" failures="0" skipped="0" timestamp="2021-11-23T22:56:07" time="2.517" tests="1">
    <testcase classname=" parse xml" name=" parse xml" time="0.016">
    </testcase>
  </testsuite>
</testsuites>